*** Starting uWSGI 2.0.18 (64bit) on [Fri Feb 22 18:05:46 2019] ***
compiled with version: 5.4.0 20160609 on 22 February 2019 05:38:31
os: Linux-4.4.0-117-generic #141-Ubuntu SMP Tue Mar 13 11:58:07 UTC 2018
nodename: iZuf61r9iykr96gpdnw626Z
machine: x86_64
clock source: unix
detected number of CPU cores: 1
current working directory: /home/mysite
writing pidfile to /home/mysite/master.pid
detected binary path: /usr/local/bin/uwsgi
!!! no internal routing support, rebuild with pcre support !!!
group nginx not found.
*** Starting uWSGI 2.0.18 (64bit) on [Sat Feb 23 00:18:45 2019] ***
compiled with version: 5.4.0 20160609 on 22 February 2019 15:03:11
os: Linux-4.4.0-117-generic #141-Ubuntu SMP Tue Mar 13 11:58:07 UTC 2018
nodename: iZuf61r9iykr96gpdnw626Z
machine: x86_64
clock source: unix
pcre jit disabled
detected number of CPU cores: 1
current working directory: /home/mysite
writing pidfile to /home/mysite/master.pid
detected binary path: /usr/local/bin/uwsgi
group nginx not found.
*** Starting uWSGI 2.0.18 (64bit) on [Sat Feb 23 00:24:33 2019] ***
compiled with version: 5.4.0 20160609 on 22 February 2019 15:03:11
os: Linux-4.4.0-117-generic #141-Ubuntu SMP Tue Mar 13 11:58:07 UTC 2018
nodename: iZuf61r9iykr96gpdnw626Z
machine: x86_64
clock source: unix
pcre jit disabled
detected number of CPU cores: 1
current working directory: /home/mysite
writing pidfile to /home/mysite/master.pid
detected binary path: /usr/local/bin/uwsgi
group nginx not found.
*** Starting uWSGI 2.0.18 (64bit) on [Sat Feb 23 00:27:46 2019] ***
compiled with version: 5.4.0 20160609 on 22 February 2019 15:03:11
os: Linux-4.4.0-117-generic #141-Ubuntu SMP Tue Mar 13 11:58:07 UTC 2018
nodename: iZuf61r9iykr96gpdnw626Z
machine: x86_64
clock source: unix
pcre jit disabled
detected number of CPU cores: 1
current working directory: /home/mysite
writing pidfile to /home/mysite/master.pid
detected binary path: /usr/local/bin/uwsgi
group nginx not found.
*** Starting uWSGI 2.0.18 (64bit) on [Sat Feb 23 00:33:49 2019] ***
compiled with version: 5.4.0 20160609 on 22 February 2019 15:03:11
os: Linux-4.4.0-117-generic #141-Ubuntu SMP Tue Mar 13 11:58:07 UTC 2018
nodename: iZuf61r9iykr96gpdnw626Z
machine: x86_64
clock source: unix
pcre jit disabled
detected number of CPU cores: 1
current working directory: /home/mysite
writing pidfile to /home/mysite/master.pid
detected binary path: /usr/local/bin/uwsgi
setgid() to 33
setuid() to 33
chdir() to /home/mysite
your processes number limit is 7856
your memory page size is 4096 bytes
 *** WARNING: you have enabled harakiri without post buffering. Slow upload could be rejected on post-unbuffered webservers *** 
detected max file descriptor number: 65535
lock engine: pthread robust mutexes
thunder lock: disabled (you can enable it with --thunder-lock)
error removing unix socket, unlink(): Permission denied [core/socket.c line 198]
bind(): Address already in use [core/socket.c line 230]
